# JRE version: Java(TM) SE Runtime Environment (8.0_40-b26) (build 1.8.0_40-b26)
# Java VM: Java HotSpot(TM) 64-Bit Server VM (25.40-b25 mixed mode windows-amd64 compressed oops)
Heap:
 PSYoungGen      total 202240K, used 84690K [0x00000000e0800000, 0x00000000ee500000, 0x0000000100000000)
  eden space 190464K, 38% used [0x00000000e0800000,0x00000000e4f35028,0x00000000ec200000)
  from space 11776K, 99% used [0x00000000ed180000,0x00000000edcff918,0x00000000edd00000)
  to   space 15872K, 0% used [0x00000000ec200000,0x00000000ec200000,0x00000000ed180000)
 ParOldGen       total 65536K, used 16357K [0x00000000a1800000, 0x00000000a5800000, 0x00000000e0800000)
  object space 65536K, 24% used [0x00000000a1800000,0x00000000a27f9650,0x00000000a5800000)
 Metaspace       used 19829K, capacity 20054K, committed 20352K, reserved 1067008K
  class space    used 2504K, capacity 2580K, committed 2688K, reserved 1048576K
GC Heap History (10 events):
Event: 6.415 GC heap before
{Heap before GC invocations=4 (full 0):
 PSYoungGen      total 28672K, used 27216K [0x00000000e0800000, 0x00000000e4000000, 0x0000000100000000)
  eden space 24576K, 100% used [0x00000000e0800000,0x00000000e2000000,0x00000000e2000000)
  from space 4096K, 64% used [0x00000000e2000000,0x00000000e2294010,0x00000000e2400000)
  to   space 4096K, 0% used [0x00000000e3c00000,0x00000000e3c00000,0x00000000e4000000)
 ParOldGen       total 65536K, used 727K [0x00000000a1800000, 0x00000000a5800000, 0x00000000e0800000)
  object space 65536K, 1% used [0x00000000a1800000,0x00000000a18b5c18,0x00000000a5800000)
 Metaspace       used 12200K, capacity 12440K, committed 12672K, reserved 1060864K
  class space    used 1449K, capacity 1547K, committed 1664K, reserved 1048576K
Event: 6.418 GC heap after
Heap after GC invocations=4 (full 0):
 PSYoungGen      total 53248K, used 2736K [0x00000000e0800000, 0x00000000e4000000, 0x0000000100000000)
  eden space 49152K, 0% used [0x00000000e0800000,0x00000000e0800000,0x00000000e3800000)
  from space 4096K, 66% used [0x00000000e3c00000,0x00000000e3eac010,0x00000000e4000000)
  to   space 4096K, 0% used [0x00000000e3800000,0x00000000e3800000,0x00000000e3c00000)
 ParOldGen       total 65536K, used 735K [0x00000000a1800000, 0x00000000a5800000, 0x00000000e0800000)
  object space 65536K, 1% used [0x00000000a1800000,0x00000000a18b7c18,0x00000000a5800000)
 Metaspace       used 12200K, capacity 12440K, committed 12672K, reserved 1060864K
  class space    used 1449K, capacity 1547K, committed 1664K, reserved 1048576K
}
Event: 6.547 GC heap before
{Heap before GC invocations=5 (full 0):
 PSYoungGen      total 53248K, used 51888K [0x00000000e0800000, 0x00000000e4000000, 0x0000000100000000)
  eden space 49152K, 100% used [0x00000000e0800000,0x00000000e3800000,0x00000000e3800000)
  from space 4096K, 66% used [0x00000000e3c00000,0x00000000e3eac010,0x00000000e4000000)
  to   space 4096K, 0% used [0x00000000e3800000,0x00000000e3800000,0x00000000e3c00000)
 ParOldGen       total 65536K, used 735K [0x00000000a1800000, 0x00000000a5800000, 0x00000000e0800000)
  object space 65536K, 1% used [0x00000000a1800000,0x00000000a18b7c18,0x00000000a5800000)
 Metaspace       used 12206K, capacity 12440K, committed 12672K, reserved 1060864K
  class space    used 1450K, capacity 1547K, committed 1664K, reserved 1048576K
Event: 6.554 GC heap after
Heap after GC invocations=5 (full 0):
 PSYoungGen      total 53248K, used 2992K [0x00000000e0800000, 0x00000000e7100000, 0x0000000100000000)
  eden space 49152K, 0% used [0x00000000e0800000,0x00000000e0800000,0x00000000e3800000)
  from space 4096K, 73% used [0x00000000e3800000,0x00000000e3aec010,0x00000000e3c00000)
  to   space 4608K, 0% used [0x00000000e6c80000,0x00000000e6c80000,0x00000000e7100000)
 ParOldGen       total 65536K, used 743K [0x00000000a1800000, 0x00000000a5800000, 0x00000000e0800000)
  object space 65536K, 1% used [0x00000000a1800000,0x00000000a18b9c18,0x00000000a5800000)
 Metaspace       used 12206K, capacity 12440K, committed 12672K, reserved 1060864K
  class space    used 1450K, capacity 1547K, committed 1664K, reserved 1048576K
}
Event: 6.680 GC heap before
{Heap before GC invocations=6 (full 0):
 PSYoungGen      total 53248K, used 52144K [0x00000000e0800000, 0x00000000e7100000, 0x0000000100000000)
  eden space 49152K, 100% used [0x00000000e0800000,0x00000000e3800000,0x00000000e3800000)
  from space 4096K, 73% used [0x00000000e3800000,0x00000000e3aec010,0x00000000e3c00000)
  to   space 4608K, 0% used [0x00000000e6c80000,0x00000000e6c80000,0x00000000e7100000)
 ParOldGen       total 65536K, used 743K [0x00000000a1800000, 0x00000000a5800000, 0x00000000e0800000)
  object space 65536K, 1% used [0x00000000a1800000,0x00000000a18b9c18,0x00000000a5800000)
 Metaspace       used 12226K, capacity 12440K, committed 12672K, reserved 1060864K
  class space    used 1450K, capacity 1547K, committed 1664K, reserved 1048576K
Event: 6.703 GC heap after
Heap after GC invocations=6 (full 0):
 PSYoungGen      total 101888K, used 4584K [0x00000000e0800000, 0x00000000e7300000, 0x0000000100000000)
  eden space 97280K, 0% used [0x00000000e0800000,0x00000000e0800000,0x00000000e6700000)
  from space 4608K, 99% used [0x00000000e6c80000,0x00000000e70fa090,0x00000000e7100000)
  to   space 5632K, 0% used [0x00000000e6700000,0x00000000e6700000,0x00000000e6c80000)
 ParOldGen       total 65536K, used 1476K [0x00000000a1800000, 0x00000000a5800000, 0x00000000e0800000)
  object space 65536K, 2% used [0x00000000a1800000,0x00000000a1971130,0x00000000a5800000)
 Metaspace       used 12226K, capacity 12440K, committed 12672K, reserved 1060864K
  class space    used 1450K, capacity 1547K, committed 1664K, reserved 1048576K
}
Event: 7.097 GC heap before
{Heap before GC invocations=7 (full 0):
 PSYoungGen      total 101888K, used 101864K [0x00000000e0800000, 0x00000000e7300000, 0x0000000100000000)
  eden space 97280K, 100% used [0x00000000e0800000,0x00000000e6700000,0x00000000e6700000)
  from space 4608K, 99% used [0x00000000e6c80000,0x00000000e70fa090,0x00000000e7100000)
  to   space 5632K, 0% used [0x00000000e6700000,0x00000000e6700000,0x00000000e6c80000)
 ParOldGen       total 65536K, used 1476K [0x00000000a1800000, 0x00000000a5800000, 0x00000000e0800000)
  object space 65536K, 2% used [0x00000000a1800000,0x00000000a1971130,0x00000000a5800000)
 Metaspace       used 12280K, capacity 12440K, committed 12672K, reserved 1060864K
  class space    used 1452K, capacity 1547K, committed 1664K, reserved 1048576K
Event: 7.122 GC heap after
Heap after GC invocations=7 (full 0):
 PSYoungGen      total 102912K, used 5626K [0x00000000e0800000, 0x00000000edd00000, 0x0000000100000000)
  eden space 97280K, 0% used [0x00000000e0800000,0x00000000e0800000,0x00000000e6700000)
  from space 5632K, 99% used [0x00000000e6700000,0x00000000e6c7e800,0x00000000e6c80000)
  to   space 11776K, 0% used [0x00000000ed180000,0x00000000ed180000,0x00000000edd00000)
 ParOldGen       total 65536K, used 12251K [0x00000000a1800000, 0x00000000a5800000, 0x00000000e0800000)
  object space 65536K, 18% used [0x00000000a1800000,0x00000000a23f6d48,0x00000000a5800000)
 Metaspace       used 12280K, capacity 12440K, committed 12672K, reserved 1060864K
  class space    used 1452K, capacity 1547K, committed 1664K, reserved 1048576K
}
Event: 7.423 GC heap before
{Heap before GC invocations=8 (full 0):
 PSYoungGen      total 102912K, used 102906K [0x00000000e0800000, 0x00000000edd00000, 0x0000000100000000)
  eden space 97280K, 100% used [0x00000000e0800000,0x00000000e6700000,0x00000000e6700000)
  from space 5632K, 99% used [0x00000000e6700000,0x00000000e6c7e800,0x00000000e6c80000)
  to   space 11776K, 0% used [0x00000000ed180000,0x00000000ed180000,0x00000000edd00000)
 ParOldGen       total 65536K, used 12251K [0x00000000a1800000, 0x00000000a5800000, 0x00000000e0800000)
  object space 65536K, 18% used [0x00000000a1800000,0x00000000a23f6d48,0x00000000a5800000)
 Metaspace       used 12353K, capacity 12568K, committed 12928K, reserved 1060864K
  class space    used 1453K, capacity 1547K, committed 1664K, reserved 1048576K
Event: 7.432 GC heap after
Heap after GC invocations=8 (full 0):
 PSYoungGen      total 202240K, used 11774K [0x00000000e0800000, 0x00000000ee500000, 0x0000000100000000)
  eden space 190464K, 0% used [0x00000000e0800000,0x00000000e0800000,0x00000000ec200000)
  from space 11776K, 99% used [0x00000000ed180000,0x00000000edcff918,0x00000000edd00000)
  to   space 15872K, 0% used [0x00000000ec200000,0x00000000ec200000,0x00000000ed180000)
 ParOldGen       total 65536K, used 16357K [0x00000000a1800000, 0x00000000a5800000, 0x00000000e0800000)
  object space 65536K, 24% used [0x00000000a1800000,0x00000000a27f9650,0x00000000a5800000)
 Metaspace       used 12353K, capacity 12568K, committed 12928K, reserved 1060864K
  class space    used 1453K, capacity 1547K, committed 1664K, reserved 1048576K
}

